<?xml version="1.0" encoding="UTF-8"?>
<!-- Generated by org.testng.reporters.JUnitReportReporter -->
<testsuite hostname="TAINI" failures="0" tests="1" name="Group.To_launch_Apple" time="2.404" errors="0" timestamp="2024-01-25T20:49:21 IST" skipped="0">
  <testcase classname="Group.To_launch_Apple" name="apple" time="2.404"/>
  <system-out/>
</testsuite> <!-- Group.To_launch_Apple -->
