<?xml version="1.0" encoding="UTF-8"?>
<!-- Generated by org.testng.reporters.JUnitReportReporter -->
<testsuite hostname="TAINI" failures="0" tests="1" name="DistributiveParrallel.Myntra" time="10.125" errors="0" timestamp="2024-01-25T21:02:28 IST" skipped="0">
  <testcase classname="DistributiveParrallel.Myntra" name="apple" time="10.125"/>
  <system-out/>
</testsuite> <!-- DistributiveParrallel.Myntra -->
