<?xml version="1.0" encoding="UTF-8"?>
<!-- Generated by org.testng.reporters.JUnitReportReporter -->
<testsuite hostname="TAINI" failures="0" tests="3" name="TestNg.Basic" time="0.032" errors="0" timestamp="2024-01-23T19:24:08 IST" skipped="0">
  <testcase classname="TestNg.Basic" name="login" time="0.002"/>
  <system-out>
    <![CDATA[USER is able to login]]>
  </system-out>
  <testcase classname="TestNg.Basic" name="register" time="0.002"/>
  <system-out>
    <![CDATA[USER is able to register]]>
  </system-out>
  <testcase classname="TestNg.Basic" name="demo" time="0.028"/>
  <system-out>
    <![CDATA[HELLO testNg]]>
  </system-out>
</testsuite> <!-- TestNg.Basic -->
