<?xml version="1.0" encoding="UTF-8"?>
<!-- Generated by org.testng.reporters.JUnitReportReporter -->
<testsuite hostname="TAINI" failures="0" tests="4" name="TestNg.Invocation" time="47.577" errors="0" timestamp="2024-01-23T20:50:12 IST" skipped="0">
  <testcase classname="TestNg.Invocation" name="tolaunchapp" time="13.382"/>
  <system-out/>
  <testcase classname="TestNg.Invocation" name="tolaunchapp" time="11.275"/>
  <system-out/>
  <testcase classname="TestNg.Invocation" name="tolaunchapp" time="11.645"/>
  <system-out/>
  <testcase classname="TestNg.Invocation" name="tolaunchapp" time="11.275"/>
  <system-out/>
</testsuite> <!-- TestNg.Invocation -->
