<?xml version="1.0" encoding="UTF-8"?>
<!-- Generated by org.testng.reporters.JUnitReportReporter -->
<testsuite hostname="TAINI" failures="0" tests="1" name="methods.ReadDataFromExcel" time="1.133" errors="0" timestamp="2024-02-07T23:51:01 IST" skipped="0">
  <testcase classname="methods.ReadDataFromExcel" name="data" time="1.133"/>
  <system-out/>
</testsuite> <!-- methods.ReadDataFromExcel -->
