<?xml version="1.0" encoding="UTF-8"?>
<!-- Generated by org.testng.reporters.JUnitReportReporter -->
<testsuite hostname="TAINI" failures="0" tests="1" name="Group.To_Launch_demoweb" time="5.049" errors="0" timestamp="2024-01-25T21:00:42 IST" skipped="0">
  <testcase classname="Group.To_Launch_demoweb" name="demo" time="5.049"/>
  <system-out/>
</testsuite> <!-- Group.To_Launch_demoweb -->
