<?xml version="1.0" encoding="UTF-8"?>
<!-- Generated by org.testng.reporters.JUnitReportReporter -->
<testsuite hostname="TAINI" failures="0" tests="2" name="AdvSel.WorkingWithDataProvider" time="0.011" errors="0" timestamp="2024-01-30T21:10:47 IST" skipped="0">
  <testcase classname="AdvSel.WorkingWithDataProvider" name="datademo" time="0.010"/>
  <system-out/>
  <testcase classname="AdvSel.WorkingWithDataProvider" name="datademo" time="0.001"/>
  <system-out/>
</testsuite> <!-- AdvSel.WorkingWithDataProvider -->
