<?xml version="1.0" encoding="UTF-8"?>
<!-- Generated by org.testng.reporters.JUnitReportReporter -->
<testsuite hostname="TAINI" failures="0" tests="1" name="pom.StaleElementExcep" time="7.658" errors="0" timestamp="2024-02-07T22:34:00 IST" skipped="0">
  <testcase classname="pom.StaleElementExcep" name="basepage" time="7.658"/>
  <system-out/>
</testsuite> <!-- pom.StaleElementExcep -->
