<?xml version="1.0" encoding="UTF-8"?>
<!-- Generated by org.testng.reporters.JUnitReportReporter -->
<testsuite hostname="TAINI" failures="0" tests="1" name="pom.BasePageImple" time="8.820" errors="0" timestamp="2024-02-07T19:42:11 IST" skipped="0">
  <testcase classname="pom.BasePageImple" name="basepage" time="8.820"/>
  <system-out/>
</testsuite> <!-- pom.BasePageImple -->
