<?xml version="1.0" encoding="UTF-8"?>
<!-- Generated by org.testng.reporters.JUnitReportReporter -->
<testsuite hostname="TAINI" failures="0" tests="1" name="utilitylibrary.ReadDataFromXcelRow" time="8.387" errors="0" timestamp="2024-02-08T20:13:51 IST" skipped="0">
  <testcase classname="utilitylibrary.ReadDataFromXcelRow" name="data" time="8.387"/>
  <system-out/>
</testsuite> <!-- utilitylibrary.ReadDataFromXcelRow -->
