<?xml version="1.0" encoding="UTF-8"?>
<!-- Generated by org.testng.reporters.JUnitReportReporter -->
<testsuite hostname="TAINI" failures="0" tests="1" name="BatchExecution.To_launch_loreal" time="5.046" errors="0" timestamp="2024-01-30T12:10:16 IST" skipped="0">
  <testcase classname="BatchExecution.To_launch_loreal" name="loreal" time="5.046"/>
  <system-out/>
</testsuite> <!-- BatchExecution.To_launch_loreal -->
