<?xml version="1.0" encoding="UTF-8"?>
<!-- Generated by org.testng.reporters.JUnitReportReporter -->
<testsuite hostname="TAINI" failures="0" tests="1" name="TestNgProject.Tc__006" time="2.974" errors="0" timestamp="2024-01-29T20:11:41 IST" skipped="0">
  <testcase classname="TestNgProject.Tc__006" name="signupfornewsletter" time="2.974"/>
  <system-out>
    <![CDATA[user is able to click on subscribe button]]>
  </system-out>
</testsuite> <!-- TestNgProject.Tc__006 -->
