<?xml version="1.0" encoding="UTF-8"?>
<!-- Generated by org.testng.reporters.JUnitReportReporter -->
<testsuite hostname="TAINI" failures="0" tests="1" name="DistributiveParrallel.Instagram" time="4.598" errors="0" timestamp="2024-01-25T21:02:28 IST" skipped="0">
  <testcase classname="DistributiveParrallel.Instagram" name="apple" time="4.598"/>
  <system-out/>
</testsuite> <!-- DistributiveParrallel.Instagram -->
