<?xml version="1.0" encoding="UTF-8"?>
<!-- Generated by org.testng.reporters.JUnitReportReporter -->
<testsuite hostname="TAINI" failures="0" tests="1" name="Group.Facebbok" time="4.908" errors="0" timestamp="2024-01-25T21:00:42 IST" skipped="0">
  <testcase classname="Group.Facebbok" name="apple" time="4.908"/>
  <system-out/>
</testsuite> <!-- Group.Facebbok -->
