<?xml version="1.0" encoding="UTF-8"?>
<!-- Generated by org.testng.reporters.JUnitReportReporter -->
<testsuite hostname="TAINI" failures="0" tests="5" name="TestNg.EnableSkip" time="0.015" errors="0" timestamp="2024-01-23T20:18:01 IST" skipped="1">
  <testcase classname="TestNg.EnableSkip" name="register" time="0.011"/>
  <system-out/>
  <testcase classname="TestNg.EnableSkip" name="openbrowser" time="0.001"/>
  <system-out/>
  <testcase classname="TestNg.EnableSkip" name="url" time="0.001"/>
  <system-out/>
  <testcase classname="TestNg.EnableSkip" name="login" time="0.002"/>
  <system-out/>
  <testcase classname="TestNg.EnableSkip" name="logout">
    <skipped/>
  </testcase> <!-- logout -->
  <system-out/>
</testsuite> <!-- TestNg.EnableSkip -->
