<?xml version="1.0" encoding="UTF-8"?>
<!-- Generated by org.testng.reporters.JUnitReportReporter -->
<testsuite hostname="TAINI" failures="0" tests="1" name="BatchExecution.To_Launch_demoweb" time="4.577" errors="0" timestamp="2024-01-30T12:10:16 IST" skipped="0">
  <testcase classname="BatchExecution.To_Launch_demoweb" name="demo" time="4.577"/>
  <system-out/>
</testsuite> <!-- BatchExecution.To_Launch_demoweb -->
