<?xml version="1.0" encoding="UTF-8"?>
<!-- Generated by org.testng.reporters.JUnitReportReporter -->
<testsuite hostname="TAINI" failures="0" tests="1" name="Group.To_Launch_flip" time="3.245" errors="0" timestamp="2024-01-25T20:49:21 IST" skipped="0">
  <testcase classname="Group.To_Launch_flip" name="flip" time="3.245"/>
  <system-out/>
</testsuite> <!-- Group.To_Launch_flip -->
