<?xml version="1.0" encoding="UTF-8"?>
<!-- Generated by org.testng.reporters.JUnitReportReporter -->
<testsuite hostname="TAINI" failures="0" tests="1" name="methods.ReadDataFromPropUsingUtility" time="9.128" errors="0" timestamp="2024-02-07T23:23:12 IST" skipped="0">
  <testcase classname="methods.ReadDataFromPropUsingUtility" name="register" time="9.128"/>
  <system-out/>
</testsuite> <!-- methods.ReadDataFromPropUsingUtility -->
