<?xml version="1.0" encoding="UTF-8"?>
<!-- Generated by org.testng.reporters.JUnitReportReporter -->
<testsuite hostname="TAINI" failures="0" tests="5" name="TestNg.DependsOnMethod" time="0.020" errors="0" timestamp="2024-01-24T20:22:27 IST" skipped="0">
  <testcase classname="TestNg.DependsOnMethod" name="search" time="0.001"/>
  <system-out/>
  <testcase classname="TestNg.DependsOnMethod" name="register" time="0.015"/>
  <system-out/>
  <testcase classname="TestNg.DependsOnMethod" name="login" time="0.002"/>
  <system-out/>
  <testcase classname="TestNg.DependsOnMethod" name="cart" time="0.001"/>
  <system-out/>
  <testcase classname="TestNg.DependsOnMethod" name="logout" time="0.001"/>
  <system-out/>
</testsuite> <!-- TestNg.DependsOnMethod -->
