<?xml version="1.0" encoding="UTF-8"?>
<!-- Generated by org.testng.reporters.JUnitReportReporter -->
<testsuite hostname="TAINI" failures="0" tests="2" name="AdvSel.DataProviderActiTime" time="24.305" errors="0" timestamp="2024-01-30T21:13:57 IST" skipped="0">
  <testcase classname="AdvSel.DataProviderActiTime" name="actTime" time="9.843"/>
  <system-out/>
  <testcase classname="AdvSel.DataProviderActiTime" name="actTime" time="14.462"/>
  <system-out/>
</testsuite> <!-- AdvSel.DataProviderActiTime -->
