<?xml version="1.0" encoding="UTF-8"?>
<!-- Generated by org.testng.reporters.JUnitReportReporter -->
<testsuite hostname="TAINI" failures="0" tests="1" name="Parallel.To_Launch_demoweb" time="7.748" errors="0" timestamp="2024-01-24T20:58:45 IST" skipped="0">
  <testcase classname="Parallel.To_Launch_demoweb" name="demo" time="7.748"/>
  <system-out/>
</testsuite> <!-- Parallel.To_Launch_demoweb -->
