<?xml version="1.0" encoding="UTF-8"?>
<!-- Generated by org.testng.reporters.JUnitReportReporter -->
<testsuite hostname="TAINI" failures="0" tests="1" name="DistributiveParrallel.Facebbok" time="4.474" errors="0" timestamp="2024-01-25T21:02:28 IST" skipped="0">
  <testcase classname="DistributiveParrallel.Facebbok" name="apple" time="4.474"/>
  <system-out/>
</testsuite> <!-- DistributiveParrallel.Facebbok -->
