<?xml version="1.0" encoding="UTF-8"?>
<!-- Generated by org.testng.reporters.JUnitReportReporter -->
<testsuite hostname="TAINI" failures="0" tests="1" name="TestNgProject.Tc__002" time="3.124" errors="0" timestamp="2024-01-29T20:06:44 IST" skipped="0">
  <testcase classname="TestNgProject.Tc__002" name="clickonwishlist" time="3.124"/>
  <system-out>
    <![CDATA[user is able to click on wishlist]]>
  </system-out>
</testsuite> <!-- TestNgProject.Tc__002 -->
