<?xml version="1.0" encoding="UTF-8"?>
<!-- Generated by org.testng.reporters.JUnitReportReporter -->
<testsuite hostname="TAINI" failures="0" tests="1" name="pom.RegPomImplementation" time="9.742" errors="0" timestamp="2024-02-06T22:52:27 IST" skipped="0">
  <testcase classname="pom.RegPomImplementation" name="register" time="9.742"/>
  <system-out/>
</testsuite> <!-- pom.RegPomImplementation -->
