<?xml version="1.0" encoding="UTF-8"?>
<!-- Generated by org.testng.reporters.JUnitReportReporter -->
<testsuite hostname="TAINI" failures="0" tests="1" name="batchexecutiontestngproject.Tc__006" time="3.749" errors="0" timestamp="2024-01-30T19:08:58 IST" skipped="0">
  <testcase classname="batchexecutiontestngproject.Tc__006" name="signupfornewsletter" time="3.749"/>
  <system-out>
    <![CDATA[user is able to click on subscribe button]]>
  </system-out>
</testsuite> <!-- batchexecutiontestngproject.Tc__006 -->
