<?xml version="1.0" encoding="UTF-8"?>
<!-- Generated by org.testng.reporters.JUnitReportReporter -->
<testsuite hostname="TAINI" failures="0" tests="1" name="utilitylibrary.ReadDataFromExcel" time="9.892" errors="0" timestamp="2024-02-08T20:05:57 IST" skipped="0">
  <testcase classname="utilitylibrary.ReadDataFromExcel" name="data" time="9.892"/>
  <system-out/>
</testsuite> <!-- utilitylibrary.ReadDataFromExcel -->
