<?xml version="1.0" encoding="UTF-8"?>
<!-- Generated by org.testng.reporters.JUnitReportReporter -->
<testsuite hostname="TAINI" failures="0" tests="1" name="DistributiveParrallel.To_launch_maybelline" time="5.682" errors="0" timestamp="2024-01-25T21:02:28 IST" skipped="0">
  <testcase classname="DistributiveParrallel.To_launch_maybelline" name="maybelline" time="5.682"/>
  <system-out/>
</testsuite> <!-- DistributiveParrallel.To_launch_maybelline -->
