<?xml version="1.0" encoding="UTF-8"?>
<!-- Generated by org.testng.reporters.JUnitReportReporter -->
<testsuite hostname="TAINI" failures="0" tests="7" name="AdvSel.ReadDatataFromXcelUsingDtaProvider" time="67.299" errors="0" timestamp="2024-01-31T20:29:14 IST" skipped="0">
  <testcase classname="AdvSel.ReadDatataFromXcelUsingDtaProvider" name="registeruser" time="6.530"/>
  <system-out/>
  <testcase classname="AdvSel.ReadDatataFromXcelUsingDtaProvider" name="registeruser" time="6.074"/>
  <system-out/>
  <testcase classname="AdvSel.ReadDatataFromXcelUsingDtaProvider" name="registeruser" time="6.998"/>
  <system-out/>
  <testcase classname="AdvSel.ReadDatataFromXcelUsingDtaProvider" name="registeruser" time="11.866"/>
  <system-out/>
  <testcase classname="AdvSel.ReadDatataFromXcelUsingDtaProvider" name="registeruser" time="7.035"/>
  <system-out/>
  <testcase classname="AdvSel.ReadDatataFromXcelUsingDtaProvider" name="registeruser" time="22.444"/>
  <system-out/>
  <testcase classname="AdvSel.ReadDatataFromXcelUsingDtaProvider" name="registeruser" time="6.352"/>
  <system-out/>
</testsuite> <!-- AdvSel.ReadDatataFromXcelUsingDtaProvider -->
