<?xml version="1.0" encoding="UTF-8"?>
<!-- Generated by org.testng.reporters.JUnitReportReporter -->
<testsuite hostname="TAINI" failures="0" tests="1" name="TestNgProject.TC__005" time="8.620" errors="0" timestamp="2024-01-29T20:52:42 IST" skipped="0">
  <testcase classname="TestNgProject.TC__005" name="clickonmajortabs" time="8.620"/>
  <system-out/>
</testsuite> <!-- TestNgProject.TC__005 -->
