<?xml version="1.0" encoding="UTF-8"?>
<!-- Generated by org.testng.reporters.JUnitReportReporter -->
<testsuite hostname="TAINI" failures="0" tests="1" name="DistributiveParrallel.SugerLanuch" time="11.824" errors="0" timestamp="2024-01-25T21:02:28 IST" skipped="0">
  <testcase classname="DistributiveParrallel.SugerLanuch" name="apple" time="11.824"/>
  <system-out/>
</testsuite> <!-- DistributiveParrallel.SugerLanuch -->
