<?xml version="1.0" encoding="UTF-8"?>
<!-- Generated by org.testng.reporters.JUnitReportReporter -->
<testsuite hostname="TAINI" failures="0" tests="6" name="TestNg.PriorityTestng" time="0.034" errors="0" timestamp="2024-01-23T19:47:42 IST" skipped="0">
  <testcase classname="TestNg.PriorityTestng" name="register" time="0.022"/>
  <system-out/>
  <testcase classname="TestNg.PriorityTestng" name="login" time="0.003"/>
  <system-out/>
  <testcase classname="TestNg.PriorityTestng" name="search" time="0.004"/>
  <system-out/>
  <testcase classname="TestNg.PriorityTestng" name="wishlist" time="0.001"/>
  <system-out/>
  <testcase classname="TestNg.PriorityTestng" name="cart" time="0.001"/>
  <system-out/>
  <testcase classname="TestNg.PriorityTestng" name="logout" time="0.003"/>
  <system-out/>
</testsuite> <!-- TestNg.PriorityTestng -->
