<?xml version="1.0" encoding="UTF-8"?>
<!-- Generated by org.testng.reporters.JUnitReportReporter -->
<testsuite hostname="TAINI" failures="0" tests="1" name="DistributiveParrallel.AmazonLaunch" time="7.236" errors="0" timestamp="2024-01-25T21:02:28 IST" skipped="0">
  <testcase classname="DistributiveParrallel.AmazonLaunch" name="apple" time="7.236"/>
  <system-out/>
</testsuite> <!-- DistributiveParrallel.AmazonLaunch -->
