<?xml version="1.0" encoding="UTF-8"?>
<!-- Generated by org.testng.reporters.JUnitReportReporter -->
<testsuite hostname="TAINI" failures="0" tests="2" name="TestNg.ChronologicalOrderInTestng" time="0.006" errors="0" timestamp="2024-01-26T19:49:55 IST" skipped="0">
  <testcase classname="TestNg.ChronologicalOrderInTestng" name="run" time="0.006"/>
  <system-out/>
  <testcase classname="TestNg.ChronologicalOrderInTestng" name="test" time="0.000"/>
  <system-out/>
</testsuite> <!-- TestNg.ChronologicalOrderInTestng -->
