<?xml version="1.0" encoding="UTF-8"?>
<!-- Generated by org.testng.reporters.JUnitReportReporter -->
<testsuite hostname="TAINI" failures="0" tests="7" name="utilitylibrary.ReadMultipleDataFRomXcel" time="33.872" errors="0" timestamp="2024-02-08T21:13:40 IST" skipped="0">
  <testcase classname="utilitylibrary.ReadMultipleDataFRomXcel" name="login" time="5.039"/>
  <system-out/>
  <testcase classname="utilitylibrary.ReadMultipleDataFRomXcel" name="login" time="4.429"/>
  <system-out/>
  <testcase classname="utilitylibrary.ReadMultipleDataFRomXcel" name="login" time="3.996"/>
  <system-out/>
  <testcase classname="utilitylibrary.ReadMultipleDataFRomXcel" name="login" time="7.757"/>
  <system-out/>
  <testcase classname="utilitylibrary.ReadMultipleDataFRomXcel" name="login" time="3.906"/>
  <system-out/>
  <testcase classname="utilitylibrary.ReadMultipleDataFRomXcel" name="login" time="4.615"/>
  <system-out/>
  <testcase classname="utilitylibrary.ReadMultipleDataFRomXcel" name="login" time="4.130"/>
  <system-out/>
</testsuite> <!-- utilitylibrary.ReadMultipleDataFRomXcel -->
