<?xml version="1.0" encoding="UTF-8"?>
<!-- Generated by org.testng.reporters.JUnitReportReporter -->
<testsuite hostname="TAINI" failures="0" tests="1" name="AdvSel.ExecutionGroup" time="3.725" errors="0" timestamp="2024-01-31T21:01:41 IST" skipped="0">
  <testcase classname="AdvSel.ExecutionGroup" name="A" time="3.725"/>
  <system-out/>
</testsuite> <!-- AdvSel.ExecutionGroup -->
