<?xml version="1.0" encoding="UTF-8"?>
<!-- Generated by org.testng.reporters.JUnitReportReporter -->
<testsuite hostname="TAINI" failures="0" tests="1" name="TestNgProject.TC__003" time="3.726" errors="0" timestamp="2024-01-29T20:38:47 IST" skipped="0">
  <testcase classname="TestNgProject.TC__003" name="clickonradiobutton" time="3.726"/>
  <system-out>
    <![CDATA[user is able to click on radio button]]>
  </system-out>
</testsuite> <!-- TestNgProject.TC__003 -->
