<?xml version="1.0" encoding="UTF-8"?>
<!-- Generated by org.testng.reporters.JUnitReportReporter -->
<testsuite hostname="TAINI" failures="0" tests="1" name="TestNg.CrossBrowserTesting" time="7.962" errors="0" timestamp="2024-02-01T21:06:20 IST" skipped="0">
  <testcase classname="TestNg.CrossBrowserTesting" name="browser" time="7.962"/>
  <system-out/>
</testsuite> <!-- TestNg.CrossBrowserTesting -->
