<?xml version="1.0" encoding="UTF-8"?>
<!-- Generated by org.testng.reporters.JUnitReportReporter -->
<testsuite hostname="TAINI" failures="0" tests="1" name="Group.MakemyTrip" time="3.973" errors="0" timestamp="2024-01-25T20:49:21 IST" skipped="0">
  <testcase classname="Group.MakemyTrip" name="apple" time="3.973"/>
  <system-out/>
</testsuite> <!-- Group.MakemyTrip -->
